<?xml version="1.0" encoding="UTF-8"?>
<testng-results skipped="0" failed="0" ignored="0" total="1" passed="1">
  <reporter-output>
  </reporter-output>
  <suite name="Default suite" duration-ms="54" started-at="2019-11-20T22:49:25 IST" finished-at="2019-11-20T22:49:25 IST">
    <groups>
    </groups>
    <test name="Default test" duration-ms="54" started-at="2019-11-20T22:49:25 IST" finished-at="2019-11-20T22:49:25 IST">
      <class name="JavaStringPrograms.ReverseString">
        <test-method status="PASS" signature="ReverseStringWithByteArray()[pri:0, instance:JavaStringPrograms.ReverseString@31610302]" name="ReverseStringWithByteArray" duration-ms="12" started-at="2019-11-20T22:49:25 IST" finished-at="2019-11-20T22:49:25 IST">
          <reporter-output>
          </reporter-output>
        </test-method> <!-- ReverseStringWithByteArray -->
      </class> <!-- JavaStringPrograms.ReverseString -->
    </test> <!-- Default test -->
  </suite> <!-- Default suite -->
</testng-results>
